nohup: ignoring input
[INFO] Scanning for projects...
[INFO] Loaded 21853 auto-discovered prefixes for remote repository central (prefixes-central.txt)
[INFO] 
[INFO] --------------------------< main:UserService >--------------------------
[INFO] Building UserService 0.0.1-SNAPSHOT
[INFO]   from pom.xml
[INFO] --------------------------------[ war ]---------------------------------
[INFO] Loaded 74 auto-discovered prefixes for remote repository apache.snapshots (prefixes-apache.snapshots-c1d4c55f9308e5ac18a4069bed41dca64d85c515.txt)
[WARNING] Could not transfer metadata /.meta/prefixes.txt from/to plexus.snapshots-9dedea94451709299d055319c137abeb30aacdef (https://oss.sonatype.org/content/repositories/plexus-snapshots): HTTP Status: 503
[INFO] 
[INFO] >>> spring-boot:4.0.1:run (default-cli) > test-compile @ UserService >>>
[INFO] 
[INFO] --- resources:3.3.1:resources (default-resources) @ UserService ---
[INFO] Copying 1 resource from src/main/resources to target/classes
[INFO] Copying 0 resource from src/main/resources to target/classes
[INFO] 
[INFO] --- compiler:3.14.1:compile (default-compile) @ UserService ---
[INFO] Recompiling the module because of changed source code.
[INFO] Compiling 10 source files with javac [debug parameters release 21] to target/classes
[INFO] -------------------------------------------------------------
[ERROR] COMPILATION ERROR : 
[INFO] -------------------------------------------------------------
[ERROR] /workspaces/E-Banking3.0/src/main/java/userservice/UserServiceApplication.java:[5,63] package org.springframework.boot.autoconfigure.security.servlet does not exist
[ERROR] /workspaces/E-Banking3.0/src/main/java/userservice/UserServiceApplication.java:[7,35] cannot find symbol
  symbol: class SecurityAutoConfiguration
[INFO] 2 errors 
[INFO] -------------------------------------------------------------
[INFO] ------------------------------------------------------------------------
[INFO] BUILD FAILURE
[INFO] ------------------------------------------------------------------------
[INFO] Total time:  5.423 s
[INFO] Finished at: 2026-01-01T11:30:47Z
[INFO] ------------------------------------------------------------------------
[ERROR] Failed to execute goal org.apache.maven.plugins:maven-compiler-plugin:3.14.1:compile (default-compile) on project UserService: Compilation failure: Compilation failure: 
[ERROR] /workspaces/E-Banking3.0/src/main/java/userservice/UserServiceApplication.java:[5,63] package org.springframework.boot.autoconfigure.security.servlet does not exist
[ERROR] /workspaces/E-Banking3.0/src/main/java/userservice/UserServiceApplication.java:[7,35] cannot find symbol
[ERROR]   symbol: class SecurityAutoConfiguration
[ERROR] -> [Help 1]
[ERROR] 
[ERROR] To see the full stack trace of the errors, re-run Maven with the '-e' switch
[ERROR] Re-run Maven using the '-X' switch to enable verbose output
[ERROR] 
[ERROR] For more information about the errors and possible solutions, please read the following articles:
[ERROR] [Help 1] http://cwiki.apache.org/confluence/display/MAVEN/CompilationFailureException
